0 info it worked if it ends with ok
1 verbose cli [ '/usr/local/Cellar/node/0.10.7/bin/node',
1 verbose cli   '/usr/local/bin/npm',
1 verbose cli   'install' ]
2 info using npm@1.2.21
3 info using node@v0.10.7
4 verbose read json /Users/chris/Documents/dev/icap/workspace/dwl/package.json
5 error install Couldn't read dependencies
6 error Error: invalid version: 1.9
6 error     at Object.module.exports.fixVersionField (/usr/local/Cellar/node/0.10.7/lib/node_modules/npm/node_modules/read-package-json/node_modules/normalize-package-data/lib/fixer.js:84:13)
6 error     at /usr/local/Cellar/node/0.10.7/lib/node_modules/npm/node_modules/read-package-json/node_modules/normalize-package-data/lib/normalize.js:28:38
6 error     at Array.forEach (native)
6 error     at normalize (/usr/local/Cellar/node/0.10.7/lib/node_modules/npm/node_modules/read-package-json/node_modules/normalize-package-data/lib/normalize.js:27:15)
6 error     at final (/usr/local/Cellar/node/0.10.7/lib/node_modules/npm/node_modules/read-package-json/read-json.js:304:33)
6 error     at then (/usr/local/Cellar/node/0.10.7/lib/node_modules/npm/node_modules/read-package-json/read-json.js:118:48)
6 error     at /usr/local/Cellar/node/0.10.7/lib/node_modules/npm/node_modules/read-package-json/read-json.js:293:40
6 error     at fs.js:266:14
6 error     at Object.oncomplete (fs.js:107:15)
7 error If you need help, you may report this log at:
7 error     <http://github.com/isaacs/npm/issues>
7 error or email it to:
7 error     <npm-@googlegroups.com>
8 error System Darwin 12.4.0
9 error command "/usr/local/Cellar/node/0.10.7/bin/node" "/usr/local/bin/npm" "install"
10 error cwd /Users/chris/Documents/dev/icap/workspace/dwl
11 error node -v v0.10.7
12 error npm -v 1.2.21
13 verbose exit [ 1, true ]
